{"D:\\ODP_BNI\\Rakamin\\hari3-express\\app.js": {"path":"D:\\ODP_BNI\\Rakamin\\hari3-express\\app.js","statementMap":{"0":{"start":{"line":1,"column":0},"end":{"line":1,"column":27}},"1":{"start":{"line":2,"column":16},"end":{"line":2,"column":34}},"2":{"start":{"line":3,"column":15},"end":{"line":3,"column":43}},"3":{"start":{"line":4,"column":15},"end":{"line":4,"column":32}},"4":{"start":{"line":5,"column":18},"end":{"line":5,"column":47}},"5":{"start":{"line":6,"column":20},"end":{"line":6,"column":45}},"6":{"start":{"line":7,"column":21},"end":{"line":7,"column":61}},"7":{"start":{"line":9,"column":12},"end":{"line":9,"column":21}},"8":{"start":{"line":11,"column":0},"end":{"line":11,"column":41}},"9":{"start":{"line":12,"column":0},"end":{"line":12,"column":49}},"10":{"start":{"line":15,"column":0},"end":{"line":15,"column":68}},"11":{"start":{"line":17,"column":0},"end":{"line":17,"column":23}},"12":{"start":{"line":19,"column":0},"end":{"line":19,"column":16}},"13":{"start":{"line":21,"column":0},"end":{"line":21,"column":22}},"14":{"start":{"line":23,"column":0},"end":{"line":23,"column":21}}},"fnMap":{},"branchMap":{},"s":{"0":3,"1":3,"2":3,"3":3,"4":3,"5":3,"6":3,"7":3,"8":3,"9":3,"10":3,"11":3,"12":3,"13":3,"14":3},"f":{},"b":{},"_coverageSchema":"1a1c01bbd47fc00a2c39e90264f33305004495a9","hash":"8c372a1483495e02e35b8d4173d728904b4db697"}
,"D:\\ODP_BNI\\Rakamin\\hari3-express\\controllers\\ProductControllers.js": {"path":"D:\\ODP_BNI\\Rakamin\\hari3-express\\controllers\\ProductControllers.js","statementMap":{"0":{"start":{"line":1,"column":21},"end":{"line":1,"column":41}},"1":{"start":{"line":6,"column":4},"end":{"line":23,"column":5}},"2":{"start":{"line":7,"column":30},"end":{"line":7,"column":38}},"3":{"start":{"line":10,"column":6},"end":{"line":12,"column":7}},"4":{"start":{"line":11,"column":8},"end":{"line":11,"column":70}},"5":{"start":{"line":15,"column":22},"end":{"line":15,"column":60}},"6":{"start":{"line":17,"column":6},"end":{"line":20,"column":9}},"7":{"start":{"line":22,"column":6},"end":{"line":22,"column":18}},"8":{"start":{"line":28,"column":4},"end":{"line":39,"column":5}},"9":{"start":{"line":29,"column":23},"end":{"line":31,"column":8}},"10":{"start":{"line":33,"column":6},"end":{"line":36,"column":9}},"11":{"start":{"line":38,"column":6},"end":{"line":38,"column":18}},"12":{"start":{"line":44,"column":4},"end":{"line":59,"column":5}},"13":{"start":{"line":45,"column":21},"end":{"line":45,"column":31}},"14":{"start":{"line":47,"column":22},"end":{"line":47,"column":49}},"15":{"start":{"line":49,"column":6},"end":{"line":51,"column":7}},"16":{"start":{"line":50,"column":8},"end":{"line":50,"column":60}},"17":{"start":{"line":53,"column":6},"end":{"line":56,"column":9}},"18":{"start":{"line":58,"column":6},"end":{"line":58,"column":18}},"19":{"start":{"line":64,"column":4},"end":{"line":88,"column":5}},"20":{"start":{"line":65,"column":21},"end":{"line":65,"column":31}},"21":{"start":{"line":66,"column":30},"end":{"line":66,"column":38}},"22":{"start":{"line":69,"column":6},"end":{"line":71,"column":7}},"23":{"start":{"line":70,"column":8},"end":{"line":70,"column":70}},"24":{"start":{"line":73,"column":22},"end":{"line":73,"column":49}},"25":{"start":{"line":75,"column":6},"end":{"line":77,"column":7}},"26":{"start":{"line":76,"column":8},"end":{"line":76,"column":60}},"27":{"start":{"line":80,"column":6},"end":{"line":80,"column":44}},"28":{"start":{"line":82,"column":6},"end":{"line":85,"column":9}},"29":{"start":{"line":87,"column":6},"end":{"line":87,"column":18}},"30":{"start":{"line":93,"column":4},"end":{"line":110,"column":5}},"31":{"start":{"line":94,"column":21},"end":{"line":94,"column":31}},"32":{"start":{"line":96,"column":22},"end":{"line":96,"column":49}},"33":{"start":{"line":98,"column":6},"end":{"line":100,"column":7}},"34":{"start":{"line":99,"column":8},"end":{"line":99,"column":60}},"35":{"start":{"line":103,"column":6},"end":{"line":103,"column":30}},"36":{"start":{"line":105,"column":6},"end":{"line":107,"column":9}},"37":{"start":{"line":109,"column":6},"end":{"line":109,"column":18}},"38":{"start":{"line":114,"column":0},"end":{"line":114,"column":36}}},"fnMap":{"0":{"name":"(anonymous_0)","decl":{"start":{"line":5,"column":2},"end":{"line":5,"column":3}},"loc":{"start":{"line":5,"column":45},"end":{"line":24,"column":3}},"line":5},"1":{"name":"(anonymous_1)","decl":{"start":{"line":27,"column":2},"end":{"line":27,"column":3}},"loc":{"start":{"line":27,"column":46},"end":{"line":40,"column":3}},"line":27},"2":{"name":"(anonymous_2)","decl":{"start":{"line":43,"column":2},"end":{"line":43,"column":3}},"loc":{"start":{"line":43,"column":46},"end":{"line":60,"column":3}},"line":43},"3":{"name":"(anonymous_3)","decl":{"start":{"line":63,"column":2},"end":{"line":63,"column":3}},"loc":{"start":{"line":63,"column":45},"end":{"line":89,"column":3}},"line":63},"4":{"name":"(anonymous_4)","decl":{"start":{"line":92,"column":2},"end":{"line":92,"column":3}},"loc":{"start":{"line":92,"column":45},"end":{"line":111,"column":3}},"line":92}},"branchMap":{"0":{"loc":{"start":{"line":10,"column":6},"end":{"line":12,"column":7}},"type":"if","locations":[{"start":{"line":10,"column":6},"end":{"line":12,"column":7}},{"start":{},"end":{}}],"line":10},"1":{"loc":{"start":{"line":10,"column":10},"end":{"line":10,"column":25}},"type":"binary-expr","locations":[{"start":{"line":10,"column":10},"end":{"line":10,"column":15}},{"start":{"line":10,"column":19},"end":{"line":10,"column":25}}],"line":10},"2":{"loc":{"start":{"line":49,"column":6},"end":{"line":51,"column":7}},"type":"if","locations":[{"start":{"line":49,"column":6},"end":{"line":51,"column":7}},{"start":{},"end":{}}],"line":49},"3":{"loc":{"start":{"line":69,"column":6},"end":{"line":71,"column":7}},"type":"if","locations":[{"start":{"line":69,"column":6},"end":{"line":71,"column":7}},{"start":{},"end":{}}],"line":69},"4":{"loc":{"start":{"line":69,"column":10},"end":{"line":69,"column":25}},"type":"binary-expr","locations":[{"start":{"line":69,"column":10},"end":{"line":69,"column":15}},{"start":{"line":69,"column":19},"end":{"line":69,"column":25}}],"line":69},"5":{"loc":{"start":{"line":75,"column":6},"end":{"line":77,"column":7}},"type":"if","locations":[{"start":{"line":75,"column":6},"end":{"line":77,"column":7}},{"start":{},"end":{}}],"line":75},"6":{"loc":{"start":{"line":98,"column":6},"end":{"line":100,"column":7}},"type":"if","locations":[{"start":{"line":98,"column":6},"end":{"line":100,"column":7}},{"start":{},"end":{}}],"line":98}},"s":{"0":3,"1":0,"2":0,"3":0,"4":0,"5":0,"6":0,"7":0,"8":0,"9":0,"10":0,"11":0,"12":0,"13":0,"14":0,"15":0,"16":0,"17":0,"18":0,"19":0,"20":0,"21":0,"22":0,"23":0,"24":0,"25":0,"26":0,"27":0,"28":0,"29":0,"30":0,"31":0,"32":0,"33":0,"34":0,"35":0,"36":0,"37":0,"38":3},"f":{"0":0,"1":0,"2":0,"3":0,"4":0},"b":{"0":[0,0],"1":[0,0],"2":[0,0],"3":[0,0],"4":[0,0],"5":[0,0],"6":[0,0]},"_coverageSchema":"1a1c01bbd47fc00a2c39e90264f33305004495a9","hash":"118f8fea9400a1baffb8c5498ac869e6e048d1e1"}
,"D:\\ODP_BNI\\Rakamin\\hari3-express\\controllers\\PurchaseControllers.js": {"path":"D:\\ODP_BNI\\Rakamin\\hari3-express\\controllers\\PurchaseControllers.js","statementMap":{"0":{"start":{"line":1,"column":39},"end":{"line":1,"column":59}},"1":{"start":{"line":5,"column":4},"end":{"line":37,"column":5}},"2":{"start":{"line":6,"column":28},"end":{"line":6,"column":36}},"3":{"start":{"line":7,"column":21},"end":{"line":7,"column":32}},"4":{"start":{"line":8,"column":6},"end":{"line":8,"column":39}},"5":{"start":{"line":11,"column":6},"end":{"line":13,"column":7}},"6":{"start":{"line":12,"column":8},"end":{"line":12,"column":65}},"7":{"start":{"line":16,"column":22},"end":{"line":16,"column":56}},"8":{"start":{"line":17,"column":6},"end":{"line":19,"column":7}},"9":{"start":{"line":18,"column":8},"end":{"line":18,"column":60}},"10":{"start":{"line":22,"column":23},"end":{"line":25,"column":8}},"11":{"start":{"line":27,"column":6},"end":{"line":34,"column":9}},"12":{"start":{"line":36,"column":6},"end":{"line":36,"column":18}},"13":{"start":{"line":41,"column":4},"end":{"line":62,"column":5}},"14":{"start":{"line":42,"column":21},"end":{"line":42,"column":32}},"15":{"start":{"line":45,"column":24},"end":{"line":54,"column":8}},"16":{"start":{"line":56,"column":6},"end":{"line":59,"column":9}},"17":{"start":{"line":61,"column":6},"end":{"line":61,"column":18}},"18":{"start":{"line":66,"column":0},"end":{"line":66,"column":38}}},"fnMap":{"0":{"name":"(anonymous_0)","decl":{"start":{"line":4,"column":2},"end":{"line":4,"column":3}},"loc":{"start":{"line":4,"column":48},"end":{"line":38,"column":3}},"line":4},"1":{"name":"(anonymous_1)","decl":{"start":{"line":40,"column":2},"end":{"line":40,"column":3}},"loc":{"start":{"line":40,"column":48},"end":{"line":63,"column":3}},"line":40}},"branchMap":{"0":{"loc":{"start":{"line":11,"column":6},"end":{"line":13,"column":7}},"type":"if","locations":[{"start":{"line":11,"column":6},"end":{"line":13,"column":7}},{"start":{},"end":{}}],"line":11},"1":{"loc":{"start":{"line":17,"column":6},"end":{"line":19,"column":7}},"type":"if","locations":[{"start":{"line":17,"column":6},"end":{"line":19,"column":7}},{"start":{},"end":{}}],"line":17}},"s":{"0":3,"1":0,"2":0,"3":0,"4":0,"5":0,"6":0,"7":0,"8":0,"9":0,"10":0,"11":0,"12":0,"13":0,"14":0,"15":0,"16":0,"17":0,"18":3},"f":{"0":0,"1":0},"b":{"0":[0,0],"1":[0,0]},"_coverageSchema":"1a1c01bbd47fc00a2c39e90264f33305004495a9","hash":"0cb43fd2170f77566cabcc6696bac205cd0ba467"}
,"D:\\ODP_BNI\\Rakamin\\hari3-express\\controllers\\UserControllers.js": {"path":"D:\\ODP_BNI\\Rakamin\\hari3-express\\controllers\\UserControllers.js","statementMap":{"0":{"start":{"line":1,"column":18},"end":{"line":1,"column":38}},"1":{"start":{"line":2,"column":15},"end":{"line":2,"column":32}},"2":{"start":{"line":3,"column":12},"end":{"line":3,"column":35}},"3":{"start":{"line":7,"column":4},"end":{"line":46,"column":5}},"4":{"start":{"line":8,"column":46},"end":{"line":8,"column":54}},"5":{"start":{"line":9,"column":25},"end":{"line":9,"column":49}},"6":{"start":{"line":10,"column":19},"end":{"line":10,"column":49}},"7":{"start":{"line":11,"column":19},"end":{"line":11,"column":50}},"8":{"start":{"line":13,"column":6},"end":{"line":18,"column":7}},"9":{"start":{"line":14,"column":8},"end":{"line":17,"column":10}},"10":{"start":{"line":20,"column":24},"end":{"line":20,"column":65}},"11":{"start":{"line":22,"column":6},"end":{"line":27,"column":7}},"12":{"start":{"line":23,"column":8},"end":{"line":26,"column":10}},"13":{"start":{"line":29,"column":18},"end":{"line":34,"column":7}},"14":{"start":{"line":36,"column":22},"end":{"line":36,"column":47}},"15":{"start":{"line":38,"column":6},"end":{"line":43,"column":9}},"16":{"start":{"line":45,"column":6},"end":{"line":45,"column":18}},"17":{"start":{"line":50,"column":32},"end":{"line":50,"column":40}},"18":{"start":{"line":52,"column":4},"end":{"line":54,"column":5}},"19":{"start":{"line":53,"column":6},"end":{"line":53,"column":52}},"20":{"start":{"line":56,"column":22},"end":{"line":56,"column":63}},"21":{"start":{"line":58,"column":26},"end":{"line":58,"column":74}},"22":{"start":{"line":60,"column":4},"end":{"line":62,"column":5}},"23":{"start":{"line":61,"column":6},"end":{"line":61,"column":68}},"24":{"start":{"line":64,"column":21},"end":{"line":69,"column":5}},"25":{"start":{"line":71,"column":18},"end":{"line":71,"column":62}},"26":{"start":{"line":75,"column":4},"end":{"line":77,"column":7}},"27":{"start":{"line":81,"column":0},"end":{"line":81,"column":33}}},"fnMap":{"0":{"name":"(anonymous_0)","decl":{"start":{"line":6,"column":2},"end":{"line":6,"column":3}},"loc":{"start":{"line":6,"column":44},"end":{"line":47,"column":3}},"line":6},"1":{"name":"(anonymous_1)","decl":{"start":{"line":49,"column":2},"end":{"line":49,"column":3}},"loc":{"start":{"line":49,"column":35},"end":{"line":78,"column":3}},"line":49}},"branchMap":{"0":{"loc":{"start":{"line":13,"column":6},"end":{"line":18,"column":7}},"type":"if","locations":[{"start":{"line":13,"column":6},"end":{"line":18,"column":7}},{"start":{},"end":{}}],"line":13},"1":{"loc":{"start":{"line":13,"column":10},"end":{"line":13,"column":47}},"type":"binary-expr","locations":[{"start":{"line":13,"column":10},"end":{"line":13,"column":15}},{"start":{"line":13,"column":19},"end":{"line":13,"column":28}},{"start":{"line":13,"column":32},"end":{"line":13,"column":38}},{"start":{"line":13,"column":42},"end":{"line":13,"column":47}}],"line":13},"2":{"loc":{"start":{"line":22,"column":6},"end":{"line":27,"column":7}},"type":"if","locations":[{"start":{"line":22,"column":6},"end":{"line":27,"column":7}},{"start":{},"end":{}}],"line":22},"3":{"loc":{"start":{"line":52,"column":4},"end":{"line":54,"column":5}},"type":"if","locations":[{"start":{"line":52,"column":4},"end":{"line":54,"column":5}},{"start":{},"end":{}}],"line":52},"4":{"loc":{"start":{"line":52,"column":8},"end":{"line":52,"column":27}},"type":"binary-expr","locations":[{"start":{"line":52,"column":8},"end":{"line":52,"column":14}},{"start":{"line":52,"column":18},"end":{"line":52,"column":27}}],"line":52},"5":{"loc":{"start":{"line":60,"column":4},"end":{"line":62,"column":5}},"type":"if","locations":[{"start":{"line":60,"column":4},"end":{"line":62,"column":5}},{"start":{},"end":{}}],"line":60},"6":{"loc":{"start":{"line":60,"column":8},"end":{"line":60,"column":36}},"type":"binary-expr","locations":[{"start":{"line":60,"column":8},"end":{"line":60,"column":22}},{"start":{"line":60,"column":26},"end":{"line":60,"column":36}}],"line":60}},"s":{"0":3,"1":3,"2":3,"3":3,"4":3,"5":3,"6":3,"7":3,"8":2,"9":0,"10":2,"11":0,"12":0,"13":0,"14":0,"15":0,"16":3,"17":5,"18":5,"19":0,"20":5,"21":0,"22":0,"23":0,"24":0,"25":0,"26":0,"27":3},"f":{"0":3,"1":5},"b":{"0":[0,2],"1":[2,2,2,2],"2":[0,0],"3":[0,5],"4":[5,5],"5":[0,0],"6":[0,0]},"_coverageSchema":"1a1c01bbd47fc00a2c39e90264f33305004495a9","hash":"39a9f1178a22cb8216f2245383c5a594cb5ba356"}
,"D:\\ODP_BNI\\Rakamin\\hari3-express\\docs\\swagger.js": {"path":"D:\\ODP_BNI\\Rakamin\\hari3-express\\docs\\swagger.js","statementMap":{"0":{"start":{"line":1,"column":21},"end":{"line":1,"column":45}},"1":{"start":{"line":3,"column":16},"end":{"line":19,"column":1}},"2":{"start":{"line":21,"column":29},"end":{"line":21,"column":50}},"3":{"start":{"line":23,"column":0},"end":{"line":23,"column":38}}},"fnMap":{},"branchMap":{},"s":{"0":3,"1":3,"2":3,"3":3},"f":{},"b":{},"_coverageSchema":"1a1c01bbd47fc00a2c39e90264f33305004495a9","hash":"d1e5510de29bce2c5a726090c3244b1e80308346"}
,"D:\\ODP_BNI\\Rakamin\\hari3-express\\middlewares\\authentication.js": {"path":"D:\\ODP_BNI\\Rakamin\\hari3-express\\middlewares\\authentication.js","statementMap":{"0":{"start":{"line":1,"column":12},"end":{"line":1,"column":35}},"1":{"start":{"line":2,"column":18},"end":{"line":2,"column":38}},"2":{"start":{"line":5,"column":2},"end":{"line":34,"column":3}},"3":{"start":{"line":6,"column":18},"end":{"line":6,"column":58}},"4":{"start":{"line":8,"column":4},"end":{"line":10,"column":5}},"5":{"start":{"line":9,"column":6},"end":{"line":9,"column":65}},"6":{"start":{"line":12,"column":20},"end":{"line":12,"column":61}},"7":{"start":{"line":14,"column":17},"end":{"line":14,"column":67}},"8":{"start":{"line":16,"column":4},"end":{"line":21,"column":5}},"9":{"start":{"line":17,"column":6},"end":{"line":20,"column":8}},"10":{"start":{"line":23,"column":4},"end":{"line":23,"column":23}},"11":{"start":{"line":25,"column":4},"end":{"line":25,"column":11}},"12":{"start":{"line":27,"column":4},"end":{"line":33,"column":5}},"13":{"start":{"line":28,"column":6},"end":{"line":28,"column":54}},"14":{"start":{"line":29,"column":11},"end":{"line":33,"column":5}},"15":{"start":{"line":30,"column":6},"end":{"line":30,"column":54}},"16":{"start":{"line":32,"column":6},"end":{"line":32,"column":18}},"17":{"start":{"line":37,"column":0},"end":{"line":37,"column":32}}},"fnMap":{"0":{"name":"Authentication","decl":{"start":{"line":4,"column":15},"end":{"line":4,"column":29}},"loc":{"start":{"line":4,"column":46},"end":{"line":35,"column":1}},"line":4}},"branchMap":{"0":{"loc":{"start":{"line":8,"column":4},"end":{"line":10,"column":5}},"type":"if","locations":[{"start":{"line":8,"column":4},"end":{"line":10,"column":5}},{"start":{},"end":{}}],"line":8},"1":{"loc":{"start":{"line":16,"column":4},"end":{"line":21,"column":5}},"type":"if","locations":[{"start":{"line":16,"column":4},"end":{"line":21,"column":5}},{"start":{},"end":{}}],"line":16},"2":{"loc":{"start":{"line":27,"column":4},"end":{"line":33,"column":5}},"type":"if","locations":[{"start":{"line":27,"column":4},"end":{"line":33,"column":5}},{"start":{"line":29,"column":11},"end":{"line":33,"column":5}}],"line":27},"3":{"loc":{"start":{"line":29,"column":11},"end":{"line":33,"column":5}},"type":"if","locations":[{"start":{"line":29,"column":11},"end":{"line":33,"column":5}},{"start":{"line":31,"column":11},"end":{"line":33,"column":5}}],"line":29}},"s":{"0":3,"1":3,"2":8,"3":8,"4":8,"5":0,"6":8,"7":0,"8":0,"9":0,"10":0,"11":0,"12":8,"13":8,"14":0,"15":0,"16":0,"17":3},"f":{"0":8},"b":{"0":[0,8],"1":[0,0],"2":[8,0],"3":[0,0]},"_coverageSchema":"1a1c01bbd47fc00a2c39e90264f33305004495a9","hash":"42da3689856da7b5a8ab1ff39ee555a68a22bd9d"}
,"D:\\ODP_BNI\\Rakamin\\hari3-express\\middlewares\\authorization.js": {"path":"D:\\ODP_BNI\\Rakamin\\hari3-express\\middlewares\\authorization.js","statementMap":{"0":{"start":{"line":2,"column":2},"end":{"line":12,"column":4}},"1":{"start":{"line":3,"column":4},"end":{"line":11,"column":5}},"2":{"start":{"line":4,"column":6},"end":{"line":6,"column":7}},"3":{"start":{"line":5,"column":8},"end":{"line":5,"column":76}},"4":{"start":{"line":8,"column":6},"end":{"line":8,"column":13}},"5":{"start":{"line":10,"column":6},"end":{"line":10,"column":18}},"6":{"start":{"line":15,"column":0},"end":{"line":15,"column":31}}},"fnMap":{"0":{"name":"Authorization","decl":{"start":{"line":1,"column":9},"end":{"line":1,"column":22}},"loc":{"start":{"line":1,"column":37},"end":{"line":13,"column":1}},"line":1},"1":{"name":"(anonymous_1)","decl":{"start":{"line":2,"column":9},"end":{"line":2,"column":10}},"loc":{"start":{"line":2,"column":29},"end":{"line":12,"column":3}},"line":2}},"branchMap":{"0":{"loc":{"start":{"line":4,"column":6},"end":{"line":6,"column":7}},"type":"if","locations":[{"start":{"line":4,"column":6},"end":{"line":6,"column":7}},{"start":{},"end":{}}],"line":4},"1":{"loc":{"start":{"line":4,"column":10},"end":{"line":4,"column":53}},"type":"binary-expr","locations":[{"start":{"line":4,"column":10},"end":{"line":4,"column":19}},{"start":{"line":4,"column":23},"end":{"line":4,"column":53}}],"line":4}},"s":{"0":0,"1":0,"2":0,"3":0,"4":0,"5":0,"6":3},"f":{"0":0,"1":0},"b":{"0":[0,0],"1":[0,0]},"_coverageSchema":"1a1c01bbd47fc00a2c39e90264f33305004495a9","hash":"bed359af1ce54685ed6a8670591be60dec881a09"}
,"D:\\ODP_BNI\\Rakamin\\hari3-express\\middlewares\\errorHandler.js": {"path":"D:\\ODP_BNI\\Rakamin\\hari3-express\\middlewares\\errorHandler.js","statementMap":{"0":{"start":{"line":2,"column":21},"end":{"line":2,"column":38}},"1":{"start":{"line":3,"column":18},"end":{"line":3,"column":55}},"2":{"start":{"line":5,"column":2},"end":{"line":5,"column":39}},"3":{"start":{"line":8,"column":0},"end":{"line":8,"column":30}}},"fnMap":{"0":{"name":"errorHandler","decl":{"start":{"line":1,"column":9},"end":{"line":1,"column":21}},"loc":{"start":{"line":1,"column":43},"end":{"line":6,"column":1}},"line":1}},"branchMap":{"0":{"loc":{"start":{"line":2,"column":21},"end":{"line":2,"column":38}},"type":"binary-expr","locations":[{"start":{"line":2,"column":21},"end":{"line":2,"column":31}},{"start":{"line":2,"column":35},"end":{"line":2,"column":38}}],"line":2},"1":{"loc":{"start":{"line":3,"column":18},"end":{"line":3,"column":55}},"type":"binary-expr","locations":[{"start":{"line":3,"column":18},"end":{"line":3,"column":29}},{"start":{"line":3,"column":33},"end":{"line":3,"column":55}}],"line":3}},"s":{"0":16,"1":16,"2":16,"3":3},"f":{"0":16},"b":{"0":[16,8],"1":[16,0]},"_coverageSchema":"1a1c01bbd47fc00a2c39e90264f33305004495a9","hash":"d487e05d7c335e6cf482fef516500abdc053b421"}
,"D:\\ODP_BNI\\Rakamin\\hari3-express\\models\\index.js": {"path":"D:\\ODP_BNI\\Rakamin\\hari3-express\\models\\index.js","statementMap":{"0":{"start":{"line":3,"column":11},"end":{"line":3,"column":24}},"1":{"start":{"line":4,"column":13},"end":{"line":4,"column":28}},"2":{"start":{"line":5,"column":18},"end":{"line":5,"column":38}},"3":{"start":{"line":6,"column":16},"end":{"line":6,"column":34}},"4":{"start":{"line":7,"column":17},"end":{"line":7,"column":42}},"5":{"start":{"line":8,"column":12},"end":{"line":8,"column":49}},"6":{"start":{"line":9,"column":15},"end":{"line":9,"column":65}},"7":{"start":{"line":10,"column":11},"end":{"line":10,"column":13}},"8":{"start":{"line":13,"column":0},"end":{"line":17,"column":1}},"9":{"start":{"line":14,"column":2},"end":{"line":14,"column":74}},"10":{"start":{"line":16,"column":2},"end":{"line":16,"column":87}},"11":{"start":{"line":19,"column":0},"end":{"line":32,"column":5}},"12":{"start":{"line":22,"column":4},"end":{"line":27,"column":6}},"13":{"start":{"line":30,"column":18},"end":{"line":30,"column":85}},"14":{"start":{"line":31,"column":4},"end":{"line":31,"column":27}},"15":{"start":{"line":34,"column":0},"end":{"line":38,"column":3}},"16":{"start":{"line":35,"column":2},"end":{"line":37,"column":3}},"17":{"start":{"line":36,"column":4},"end":{"line":36,"column":32}},"18":{"start":{"line":40,"column":0},"end":{"line":40,"column":25}},"19":{"start":{"line":41,"column":0},"end":{"line":41,"column":25}},"20":{"start":{"line":43,"column":0},"end":{"line":43,"column":20}}},"fnMap":{"0":{"name":"(anonymous_0)","decl":{"start":{"line":21,"column":10},"end":{"line":21,"column":11}},"loc":{"start":{"line":21,"column":18},"end":{"line":28,"column":3}},"line":21},"1":{"name":"(anonymous_1)","decl":{"start":{"line":29,"column":11},"end":{"line":29,"column":12}},"loc":{"start":{"line":29,"column":19},"end":{"line":32,"column":3}},"line":29},"2":{"name":"(anonymous_2)","decl":{"start":{"line":34,"column":24},"end":{"line":34,"column":25}},"loc":{"start":{"line":34,"column":37},"end":{"line":38,"column":1}},"line":34}},"branchMap":{"0":{"loc":{"start":{"line":8,"column":12},"end":{"line":8,"column":49}},"type":"binary-expr","locations":[{"start":{"line":8,"column":12},"end":{"line":8,"column":32}},{"start":{"line":8,"column":36},"end":{"line":8,"column":49}}],"line":8},"1":{"loc":{"start":{"line":13,"column":0},"end":{"line":17,"column":1}},"type":"if","locations":[{"start":{"line":13,"column":0},"end":{"line":17,"column":1}},{"start":{"line":15,"column":7},"end":{"line":17,"column":1}}],"line":13},"2":{"loc":{"start":{"line":23,"column":6},"end":{"line":26,"column":37}},"type":"binary-expr","locations":[{"start":{"line":23,"column":6},"end":{"line":23,"column":29}},{"start":{"line":24,"column":6},"end":{"line":24,"column":23}},{"start":{"line":25,"column":6},"end":{"line":25,"column":30}},{"start":{"line":26,"column":6},"end":{"line":26,"column":37}}],"line":23},"3":{"loc":{"start":{"line":35,"column":2},"end":{"line":37,"column":3}},"type":"if","locations":[{"start":{"line":35,"column":2},"end":{"line":37,"column":3}},{"start":{},"end":{}}],"line":35}},"s":{"0":3,"1":3,"2":3,"3":3,"4":3,"5":3,"6":3,"7":3,"8":3,"9":0,"10":3,"11":3,"12":12,"13":9,"14":9,"15":3,"16":9,"17":9,"18":3,"19":3,"20":3},"f":{"0":12,"1":9,"2":9},"b":{"0":[3,0],"1":[0,3],"2":[12,12,9,9],"3":[9,0]},"_coverageSchema":"1a1c01bbd47fc00a2c39e90264f33305004495a9","hash":"e3f8080afa208a683fa77978ee9a32a03b51d7dc"}
,"D:\\ODP_BNI\\Rakamin\\hari3-express\\models\\products.js": {"path":"D:\\ODP_BNI\\Rakamin\\hari3-express\\models\\products.js","statementMap":{"0":{"start":{"line":2,"column":18},"end":{"line":2,"column":38}},"1":{"start":{"line":3,"column":0},"end":{"line":30,"column":2}},"2":{"start":{"line":12,"column":6},"end":{"line":16,"column":9}},"3":{"start":{"line":19,"column":2},"end":{"line":28,"column":4}},"4":{"start":{"line":29,"column":2},"end":{"line":29,"column":18}}},"fnMap":{"0":{"name":"(anonymous_0)","decl":{"start":{"line":3,"column":17},"end":{"line":3,"column":18}},"loc":{"start":{"line":3,"column":43},"end":{"line":30,"column":1}},"line":3},"1":{"name":"(anonymous_1)","decl":{"start":{"line":10,"column":4},"end":{"line":10,"column":5}},"loc":{"start":{"line":10,"column":29},"end":{"line":17,"column":5}},"line":10}},"branchMap":{},"s":{"0":3,"1":3,"2":3,"3":3,"4":3},"f":{"0":3,"1":3},"b":{},"_coverageSchema":"1a1c01bbd47fc00a2c39e90264f33305004495a9","hash":"312d51e21560834c902b77249df57fed12782c46"}
,"D:\\ODP_BNI\\Rakamin\\hari3-express\\models\\purchases.js": {"path":"D:\\ODP_BNI\\Rakamin\\hari3-express\\models\\purchases.js","statementMap":{"0":{"start":{"line":2,"column":18},"end":{"line":2,"column":38}},"1":{"start":{"line":3,"column":0},"end":{"line":35,"column":2}},"2":{"start":{"line":12,"column":6},"end":{"line":15,"column":9}},"3":{"start":{"line":18,"column":6},"end":{"line":21,"column":9}},"4":{"start":{"line":24,"column":2},"end":{"line":33,"column":4}},"5":{"start":{"line":34,"column":2},"end":{"line":34,"column":19}}},"fnMap":{"0":{"name":"(anonymous_0)","decl":{"start":{"line":3,"column":17},"end":{"line":3,"column":18}},"loc":{"start":{"line":3,"column":43},"end":{"line":35,"column":1}},"line":3},"1":{"name":"(anonymous_1)","decl":{"start":{"line":10,"column":4},"end":{"line":10,"column":5}},"loc":{"start":{"line":10,"column":29},"end":{"line":22,"column":5}},"line":10}},"branchMap":{},"s":{"0":3,"1":3,"2":3,"3":3,"4":3,"5":3},"f":{"0":3,"1":3},"b":{},"_coverageSchema":"1a1c01bbd47fc00a2c39e90264f33305004495a9","hash":"7611cc259c8afeb4afb72fe353f862844ce48adf"}
,"D:\\ODP_BNI\\Rakamin\\hari3-express\\models\\users.js": {"path":"D:\\ODP_BNI\\Rakamin\\hari3-express\\models\\users.js","statementMap":{"0":{"start":{"line":2,"column":18},"end":{"line":2,"column":38}},"1":{"start":{"line":3,"column":0},"end":{"line":32,"column":2}},"2":{"start":{"line":12,"column":6},"end":{"line":16,"column":9}},"3":{"start":{"line":19,"column":2},"end":{"line":30,"column":4}},"4":{"start":{"line":31,"column":2},"end":{"line":31,"column":15}}},"fnMap":{"0":{"name":"(anonymous_0)","decl":{"start":{"line":3,"column":17},"end":{"line":3,"column":18}},"loc":{"start":{"line":3,"column":43},"end":{"line":32,"column":1}},"line":3},"1":{"name":"(anonymous_1)","decl":{"start":{"line":10,"column":4},"end":{"line":10,"column":5}},"loc":{"start":{"line":10,"column":29},"end":{"line":17,"column":5}},"line":10}},"branchMap":{},"s":{"0":3,"1":3,"2":3,"3":3,"4":3},"f":{"0":3,"1":3},"b":{},"_coverageSchema":"1a1c01bbd47fc00a2c39e90264f33305004495a9","hash":"1c48abb96c9993cc721be4afba7e2a8ac6b80249"}
,"D:\\ODP_BNI\\Rakamin\\hari3-express\\routes\\index.js": {"path":"D:\\ODP_BNI\\Rakamin\\hari3-express\\routes\\index.js","statementMap":{"0":{"start":{"line":1,"column":14},"end":{"line":1,"column":41}},"1":{"start":{"line":2,"column":27},"end":{"line":2,"column":74}},"2":{"start":{"line":3,"column":29},"end":{"line":3,"column":77}},"3":{"start":{"line":4,"column":24},"end":{"line":4,"column":68}},"4":{"start":{"line":5,"column":23},"end":{"line":5,"column":66}},"5":{"start":{"line":6,"column":22},"end":{"line":6,"column":64}},"6":{"start":{"line":18,"column":0},"end":{"line":20,"column":3}},"7":{"start":{"line":19,"column":2},"end":{"line":19,"column":33}},"8":{"start":{"line":50,"column":0},"end":{"line":50,"column":58}},"9":{"start":{"line":76,"column":0},"end":{"line":76,"column":52}},"10":{"start":{"line":104,"column":0},"end":{"line":104,"column":78}},"11":{"start":{"line":119,"column":0},"end":{"line":119,"column":78}},"12":{"start":{"line":143,"column":0},"end":{"line":147,"column":2}},"13":{"start":{"line":182,"column":0},"end":{"line":186,"column":2}},"14":{"start":{"line":210,"column":0},"end":{"line":214,"column":2}},"15":{"start":{"line":240,"column":0},"end":{"line":244,"column":2}},"16":{"start":{"line":259,"column":0},"end":{"line":263,"column":2}},"17":{"start":{"line":265,"column":0},"end":{"line":265,"column":23}}},"fnMap":{"0":{"name":"(anonymous_0)","decl":{"start":{"line":18,"column":15},"end":{"line":18,"column":16}},"loc":{"start":{"line":18,"column":29},"end":{"line":20,"column":1}},"line":18}},"branchMap":{},"s":{"0":3,"1":3,"2":3,"3":3,"4":3,"5":3,"6":3,"7":0,"8":3,"9":3,"10":3,"11":3,"12":3,"13":3,"14":3,"15":3,"16":3,"17":3},"f":{"0":0},"b":{},"_coverageSchema":"1a1c01bbd47fc00a2c39e90264f33305004495a9","hash":"df51ab6da907335a2c68949032b3b39480045d77"}
}
