TN:
SF:app.js
FNF:0
FNH:0
DA:1,3
DA:2,3
DA:3,3
DA:4,3
DA:5,3
DA:6,3
DA:7,3
DA:9,3
DA:11,3
DA:12,3
DA:15,3
DA:17,3
DA:19,3
DA:21,3
DA:23,3
LF:15
LH:15
BRF:0
BRH:0
end_of_record
TN:
SF:controllers\ProductControllers.js
FN:5,(anonymous_0)
FN:27,(anonymous_1)
FN:43,(anonymous_2)
FN:63,(anonymous_3)
FN:92,(anonymous_4)
FNF:5
FNH:0
FNDA:0,(anonymous_0)
FNDA:0,(anonymous_1)
FNDA:0,(anonymous_2)
FNDA:0,(anonymous_3)
FNDA:0,(anonymous_4)
DA:1,3
DA:6,0
DA:7,0
DA:10,0
DA:11,0
DA:15,0
DA:17,0
DA:22,0
DA:28,0
DA:29,0
DA:33,0
DA:38,0
DA:44,0
DA:45,0
DA:47,0
DA:49,0
DA:50,0
DA:53,0
DA:58,0
DA:64,0
DA:65,0
DA:66,0
DA:69,0
DA:70,0
DA:73,0
DA:75,0
DA:76,0
DA:80,0
DA:82,0
DA:87,0
DA:93,0
DA:94,0
DA:96,0
DA:98,0
DA:99,0
DA:103,0
DA:105,0
DA:109,0
DA:114,3
LF:39
LH:2
BRDA:10,0,0,0
BRDA:10,0,1,0
BRDA:10,1,0,0
BRDA:10,1,1,0
BRDA:49,2,0,0
BRDA:49,2,1,0
BRDA:69,3,0,0
BRDA:69,3,1,0
BRDA:69,4,0,0
BRDA:69,4,1,0
BRDA:75,5,0,0
BRDA:75,5,1,0
BRDA:98,6,0,0
BRDA:98,6,1,0
BRF:14
BRH:0
end_of_record
TN:
SF:controllers\PurchaseControllers.js
FN:4,(anonymous_0)
FN:40,(anonymous_1)
FNF:2
FNH:0
FNDA:0,(anonymous_0)
FNDA:0,(anonymous_1)
DA:1,3
DA:5,0
DA:6,0
DA:7,0
DA:8,0
DA:11,0
DA:12,0
DA:16,0
DA:17,0
DA:18,0
DA:22,0
DA:27,0
DA:36,0
DA:41,0
DA:42,0
DA:45,0
DA:56,0
DA:61,0
DA:66,3
LF:19
LH:2
BRDA:11,0,0,0
BRDA:11,0,1,0
BRDA:17,1,0,0
BRDA:17,1,1,0
BRF:4
BRH:0
end_of_record
TN:
SF:controllers\UserControllers.js
FN:6,(anonymous_0)
FN:49,(anonymous_1)
FNF:2
FNH:2
FNDA:3,(anonymous_0)
FNDA:5,(anonymous_1)
DA:1,3
DA:2,3
DA:3,3
DA:7,3
DA:8,3
DA:9,3
DA:10,3
DA:11,3
DA:13,2
DA:14,0
DA:20,2
DA:22,0
DA:23,0
DA:29,0
DA:36,0
DA:38,0
DA:45,3
DA:50,5
DA:52,5
DA:53,0
DA:56,5
DA:58,0
DA:60,0
DA:61,0
DA:64,0
DA:71,0
DA:75,0
DA:81,3
LF:28
LH:15
BRDA:13,0,0,0
BRDA:13,0,1,2
BRDA:13,1,0,2
BRDA:13,1,1,2
BRDA:13,1,2,2
BRDA:13,1,3,2
BRDA:22,2,0,0
BRDA:22,2,1,0
BRDA:52,3,0,0
BRDA:52,3,1,5
BRDA:52,4,0,5
BRDA:52,4,1,5
BRDA:60,5,0,0
BRDA:60,5,1,0
BRDA:60,6,0,0
BRDA:60,6,1,0
BRF:16
BRH:8
end_of_record
TN:
SF:docs\swagger.js
FNF:0
FNH:0
DA:1,3
DA:3,3
DA:21,3
DA:23,3
LF:4
LH:4
BRF:0
BRH:0
end_of_record
TN:
SF:middlewares\authentication.js
FN:4,Authentication
FNF:1
FNH:1
FNDA:8,Authentication
DA:1,3
DA:2,3
DA:5,8
DA:6,8
DA:8,8
DA:9,0
DA:12,8
DA:14,0
DA:16,0
DA:17,0
DA:23,0
DA:25,0
DA:27,8
DA:28,8
DA:29,0
DA:30,0
DA:32,0
DA:37,3
LF:18
LH:9
BRDA:8,0,0,0
BRDA:8,0,1,8
BRDA:16,1,0,0
BRDA:16,1,1,0
BRDA:27,2,0,8
BRDA:27,2,1,0
BRDA:29,3,0,0
BRDA:29,3,1,0
BRF:8
BRH:2
end_of_record
TN:
SF:middlewares\authorization.js
FN:1,Authorization
FN:2,(anonymous_1)
FNF:2
FNH:0
FNDA:0,Authorization
FNDA:0,(anonymous_1)
DA:2,0
DA:3,0
DA:4,0
DA:5,0
DA:8,0
DA:10,0
DA:15,3
LF:7
LH:1
BRDA:4,0,0,0
BRDA:4,0,1,0
BRDA:4,1,0,0
BRDA:4,1,1,0
BRF:4
BRH:0
end_of_record
TN:
SF:middlewares\errorHandler.js
FN:1,errorHandler
FNF:1
FNH:1
FNDA:16,errorHandler
DA:2,16
DA:3,16
DA:5,16
DA:8,3
LF:4
LH:4
BRDA:2,0,0,16
BRDA:2,0,1,8
BRDA:3,1,0,16
BRDA:3,1,1,0
BRF:4
BRH:3
end_of_record
TN:
SF:models\index.js
FN:21,(anonymous_0)
FN:29,(anonymous_1)
FN:34,(anonymous_2)
FNF:3
FNH:3
FNDA:12,(anonymous_0)
FNDA:9,(anonymous_1)
FNDA:9,(anonymous_2)
DA:3,3
DA:4,3
DA:5,3
DA:6,3
DA:7,3
DA:8,3
DA:9,3
DA:10,3
DA:13,3
DA:14,0
DA:16,3
DA:19,3
DA:22,12
DA:30,9
DA:31,9
DA:34,3
DA:35,9
DA:36,9
DA:40,3
DA:41,3
DA:43,3
LF:21
LH:20
BRDA:8,0,0,3
BRDA:8,0,1,0
BRDA:13,1,0,0
BRDA:13,1,1,3
BRDA:23,2,0,12
BRDA:23,2,1,12
BRDA:23,2,2,9
BRDA:23,2,3,9
BRDA:35,3,0,9
BRDA:35,3,1,0
BRF:10
BRH:7
end_of_record
TN:
SF:models\products.js
FN:3,(anonymous_0)
FN:10,(anonymous_1)
FNF:2
FNH:2
FNDA:3,(anonymous_0)
FNDA:3,(anonymous_1)
DA:2,3
DA:3,3
DA:12,3
DA:19,3
DA:29,3
LF:5
LH:5
BRF:0
BRH:0
end_of_record
TN:
SF:models\purchases.js
FN:3,(anonymous_0)
FN:10,(anonymous_1)
FNF:2
FNH:2
FNDA:3,(anonymous_0)
FNDA:3,(anonymous_1)
DA:2,3
DA:3,3
DA:12,3
DA:18,3
DA:24,3
DA:34,3
LF:6
LH:6
BRF:0
BRH:0
end_of_record
TN:
SF:models\users.js
FN:3,(anonymous_0)
FN:10,(anonymous_1)
FNF:2
FNH:2
FNDA:3,(anonymous_0)
FNDA:3,(anonymous_1)
DA:2,3
DA:3,3
DA:12,3
DA:19,3
DA:31,3
LF:5
LH:5
BRF:0
BRH:0
end_of_record
TN:
SF:routes\index.js
FN:18,(anonymous_0)
FNF:1
FNH:0
FNDA:0,(anonymous_0)
DA:1,3
DA:2,3
DA:3,3
DA:4,3
DA:5,3
DA:6,3
DA:18,3
DA:19,0
DA:50,3
DA:76,3
DA:104,3
DA:119,3
DA:143,3
DA:182,3
DA:210,3
DA:240,3
DA:259,3
DA:265,3
LF:18
LH:17
BRF:0
BRH:0
end_of_record
